# JRE version: OpenJDK Runtime Environment (8.0_151-b12) (build 1.8.0_151-8u151-b12-0ubuntu0.17.10.2-b12)
# Java VM: OpenJDK 64-Bit Server VM (25.151-b12 mixed mode linux-amd64 compressed oops)
Heap:
 PSYoungGen      total 324096K, used 2450K [0x00000000d6e00000, 0x00000000ec900000, 0x0000000100000000)
  eden space 292864K, 0% used [0x00000000d6e00000,0x00000000d6e00000,0x00000000e8c00000)
  from space 31232K, 7% used [0x00000000e8c00000,0x00000000e8e64b58,0x00000000eaa80000)
  to   space 22528K, 0% used [0x00000000eb300000,0x00000000eb300000,0x00000000ec900000)
 ParOldGen       total 92672K, used 36678K [0x0000000084a00000, 0x000000008a480000, 0x00000000d6e00000)
  object space 92672K, 39% used [0x0000000084a00000,0x0000000086dd1bc8,0x000000008a480000)
 Metaspace       used 51189K, capacity 52280K, committed 52520K, reserved 1095680K
  class space    used 6499K, capacity 6833K, committed 6960K, reserved 1048576K
GC Heap History (10 events):
Event: 24.978 GC heap after
Heap after GC invocations=12 (full 1):
 PSYoungGen      total 206336K, used 17362K [0x00000000d6e00000, 0x00000000ea880000, 0x0000000100000000)
  eden space 174080K, 0% used [0x00000000d6e00000,0x00000000d6e00000,0x00000000e1800000)
  from space 32256K, 53% used [0x00000000e1800000,0x00000000e28f4978,0x00000000e3780000)
  to   space 32256K, 0% used [0x00000000e8900000,0x00000000e8900000,0x00000000ea880000)
 ParOldGen       total 67072K, used 12534K [0x0000000084a00000, 0x0000000088b80000, 0x00000000d6e00000)
  object space 67072K, 18% used [0x0000000084a00000,0x000000008563dab8,0x0000000088b80000)
 Metaspace       used 34675K, capacity 35238K, committed 35496K, reserved 1079296K
  class space    used 4576K, capacity 4767K, committed 4784K, reserved 1048576K
}
Event: 24.978 GC heap before
{Heap before GC invocations=13 (full 2):
 PSYoungGen      total 206336K, used 17362K [0x00000000d6e00000, 0x00000000ea880000, 0x0000000100000000)
  eden space 174080K, 0% used [0x00000000d6e00000,0x00000000d6e00000,0x00000000e1800000)
  from space 32256K, 53% used [0x00000000e1800000,0x00000000e28f4978,0x00000000e3780000)
  to   space 32256K, 0% used [0x00000000e8900000,0x00000000e8900000,0x00000000ea880000)
 ParOldGen       total 67072K, used 12534K [0x0000000084a00000, 0x0000000088b80000, 0x00000000d6e00000)
  object space 67072K, 18% used [0x0000000084a00000,0x000000008563dab8,0x0000000088b80000)
 Metaspace       used 34675K, capacity 35238K, committed 35496K, reserved 1079296K
  class space    used 4576K, capacity 4767K, committed 4784K, reserved 1048576K
Event: 25.044 GC heap after
Heap after GC invocations=13 (full 2):
 PSYoungGen      total 206336K, used 0K [0x00000000d6e00000, 0x00000000ea880000, 0x0000000100000000)
  eden space 174080K, 0% used [0x00000000d6e00000,0x00000000d6e00000,0x00000000e1800000)
  from space 32256K, 0% used [0x00000000e1800000,0x00000000e1800000,0x00000000e3780000)
  to   space 32256K, 0% used [0x00000000e8900000,0x00000000e8900000,0x00000000ea880000)
 ParOldGen       total 92672K, used 24222K [0x0000000084a00000, 0x000000008a480000, 0x00000000d6e00000)
  object space 92672K, 26% used [0x0000000084a00000,0x00000000861a7b90,0x000000008a480000)
 Metaspace       used 34656K, capacity 35214K, committed 35496K, reserved 1079296K
  class space    used 4570K, capacity 4759K, committed 4784K, reserved 1048576K
}
Event: 81.977 GC heap before
{Heap before GC invocations=14 (full 2):
 PSYoungGen      total 206336K, used 174080K [0x00000000d6e00000, 0x00000000ea880000, 0x0000000100000000)
  eden space 174080K, 100% used [0x00000000d6e00000,0x00000000e1800000,0x00000000e1800000)
  from space 32256K, 0% used [0x00000000e1800000,0x00000000e1800000,0x00000000e3780000)
  to   space 32256K, 0% used [0x00000000e8900000,0x00000000e8900000,0x00000000ea880000)
 ParOldGen       total 92672K, used 24222K [0x0000000084a00000, 0x000000008a480000, 0x00000000d6e00000)
  object space 92672K, 26% used [0x0000000084a00000,0x00000000861a7b90,0x000000008a480000)
 Metaspace       used 36068K, capacity 36624K, committed 36904K, reserved 1081344K
  class space    used 4632K, capacity 4834K, committed 4912K, reserved 1048576K
Event: 82.001 GC heap after
Heap after GC invocations=14 (full 2):
 PSYoungGen      total 237568K, used 2690K [0x00000000d6e00000, 0x00000000e8e80000, 0x0000000100000000)
  eden space 231936K, 0% used [0x00000000d6e00000,0x00000000d6e00000,0x00000000e5080000)
  from space 5632K, 47% used [0x00000000e8900000,0x00000000e8ba08c0,0x00000000e8e80000)
  to   space 31744K, 0% used [0x00000000e5080000,0x00000000e5080000,0x00000000e6f80000)
 ParOldGen       total 92672K, used 24230K [0x0000000084a00000, 0x000000008a480000, 0x00000000d6e00000)
  object space 92672K, 26% used [0x0000000084a00000,0x00000000861a9b90,0x000000008a480000)
 Metaspace       used 36068K, capacity 36624K, committed 36904K, reserved 1081344K
  class space    used 4632K, capacity 4834K, committed 4912K, reserved 1048576K
}
Event: 98.691 GC heap before
{Heap before GC invocations=15 (full 2):
 PSYoungGen      total 237568K, used 234626K [0x00000000d6e00000, 0x00000000e8e80000, 0x0000000100000000)
  eden space 231936K, 100% used [0x00000000d6e00000,0x00000000e5080000,0x00000000e5080000)
  from space 5632K, 47% used [0x00000000e8900000,0x00000000e8ba08c0,0x00000000e8e80000)
  to   space 31744K, 0% used [0x00000000e5080000,0x00000000e5080000,0x00000000e6f80000)
 ParOldGen       total 92672K, used 24230K [0x0000000084a00000, 0x000000008a480000, 0x00000000d6e00000)
  object space 92672K, 26% used [0x0000000084a00000,0x00000000861a9b90,0x000000008a480000)
 Metaspace       used 49284K, capacity 50174K, committed 50472K, reserved 1093632K
  class space    used 6326K, capacity 6620K, committed 6704K, reserved 1048576K
Event: 98.718 GC heap after
Heap after GC invocations=15 (full 2):
 PSYoungGen      total 263680K, used 17751K [0x00000000d6e00000, 0x00000000ed280000, 0x0000000100000000)
  eden space 231936K, 0% used [0x00000000d6e00000,0x00000000d6e00000,0x00000000e5080000)
  from space 31744K, 55% used [0x00000000e5080000,0x00000000e61d5f08,0x00000000e6f80000)
  to   space 32256K, 0% used [0x00000000eb300000,0x00000000eb300000,0x00000000ed280000)
 ParOldGen       total 92672K, used 25515K [0x0000000084a00000, 0x000000008a480000, 0x00000000d6e00000)
  object space 92672K, 27% used [0x0000000084a00000,0x00000000862eadb8,0x000000008a480000)
 Metaspace       used 49284K, capacity 50174K, committed 50472K, reserved 1093632K
  class space    used 6326K, capacity 6620K, committed 6704K, reserved 1048576K
}
Event: 110.701 GC heap before
{Heap before GC invocations=16 (full 2):
 PSYoungGen      total 263680K, used 249687K [0x00000000d6e00000, 0x00000000ed280000, 0x0000000100000000)
  eden space 231936K, 100% used [0x00000000d6e00000,0x00000000e5080000,0x00000000e5080000)
  from space 31744K, 55% used [0x00000000e5080000,0x00000000e61d5f08,0x00000000e6f80000)
  to   space 32256K, 0% used [0x00000000eb300000,0x00000000eb300000,0x00000000ed280000)
 ParOldGen       total 92672K, used 25515K [0x0000000084a00000, 0x000000008a480000, 0x00000000d6e00000)
  object space 92672K, 27% used [0x0000000084a00000,0x00000000862eadb8,0x000000008a480000)
 Metaspace       used 50620K, capacity 51724K, committed 51880K, reserved 1093632K
  class space    used 6440K, capacity 6799K, committed 6832K, reserved 1048576K
Event: 110.727 GC heap after
Heap after GC invocations=16 (full 2):
 PSYoungGen      total 315392K, used 4444K [0x00000000d6e00000, 0x00000000ec900000, 0x0000000100000000)
  eden space 292864K, 0% used [0x00000000d6e00000,0x00000000d6e00000,0x00000000e8c00000)
  from space 22528K, 19% used [0x00000000eb300000,0x00000000eb757108,0x00000000ec900000)
  to   space 31232K, 0% used [0x00000000e8c00000,0x00000000e8c00000,0x00000000eaa80000)
 ParOldGen       total 92672K, used 36670K [0x0000000084a00000, 0x000000008a480000, 0x00000000d6e00000)
  object space 92672K, 39% used [0x0000000084a00000,0x0000000086dcfbc8,0x000000008a480000)
 Metaspace       used 50620K, capacity 51724K, committed 51880K, reserved 1093632K
  class space    used 6440K, capacity 6799K, committed 6832K, reserved 1048576K
}
Event: 137.359 GC heap before
{Heap before GC invocations=17 (full 2):
 PSYoungGen      total 315392K, used 297308K [0x00000000d6e00000, 0x00000000ec900000, 0x0000000100000000)
  eden space 292864K, 100% used [0x00000000d6e00000,0x00000000e8c00000,0x00000000e8c00000)
  from space 22528K, 19% used [0x00000000eb300000,0x00000000eb757108,0x00000000ec900000)
  to   space 31232K, 0% used [0x00000000e8c00000,0x00000000e8c00000,0x00000000eaa80000)
 ParOldGen       total 92672K, used 36670K [0x0000000084a00000, 0x000000008a480000, 0x00000000d6e00000)
  object space 92672K, 39% used [0x0000000084a00000,0x0000000086dcfbc8,0x000000008a480000)
 Metaspace       used 51189K, capacity 52280K, committed 52520K, reserved 1095680K
  class space    used 6499K, capacity 6833K, committed 6960K, reserved 1048576K

